<?xml version="1.0" encoding="UTF-8"?>
<testsuite name="com.wipro.HackathonWave20Team2.controller.UserControllerTest" time="0.734" tests="5" errors="0" skipped="0" failures="3">
  <properties>
    <property name="java.runtime.name" value="OpenJDK Runtime Environment"/>
    <property name="sun.boot.library.path" value="/usr/lib/jvm/java-8-openjdk-amd64/jre/lib/amd64"/>
    <property name="java.vm.version" value="25.131-b11"/>
    <property name="java.vm.vendor" value="Oracle Corporation"/>
    <property name="maven.multiModuleProjectDirectory" value="/home/user/Documents/Workspace-springtools/HackathonWave20Team2"/>
    <property name="java.vendor.url" value="http://java.oracle.com/"/>
    <property name="path.separator" value=":"/>
    <property name="guice.disable.misplaced.annotation.check" value="true"/>
    <property name="java.vm.name" value="OpenJDK 64-Bit Server VM"/>
    <property name="file.encoding.pkg" value="sun.io"/>
    <property name="user.country" value="IN"/>
    <property name="sun.java.launcher" value="SUN_STANDARD"/>
    <property name="sun.os.patch.level" value="unknown"/>
    <property name="java.vm.specification.name" value="Java Virtual Machine Specification"/>
    <property name="user.dir" value="/home/user/Documents/Workspace-springtools/HackathonWave20Team2"/>
    <property name="java.runtime.version" value="1.8.0_131-8u131-b11-2ubuntu1.16.04.3-b11"/>
    <property name="java.awt.graphicsenv" value="sun.awt.X11GraphicsEnvironment"/>
    <property name="java.endorsed.dirs" value="/usr/lib/jvm/java-8-openjdk-amd64/jre/lib/endorsed"/>
    <property name="os.arch" value="amd64"/>
    <property name="java.io.tmpdir" value="/tmp"/>
    <property name="line.separator" value="&#10;"/>
    <property name="java.vm.specification.vendor" value="Oracle Corporation"/>
    <property name="os.name" value="Linux"/>
    <property name="classworlds.conf" value="/home/user/Documents/Workspace-springtools/.metadata/.plugins/org.eclipse.m2e.launching/launches/m2conf447395813821214052.tmp"/>
    <property name="sun.jnu.encoding" value="UTF-8"/>
    <property name="java.library.path" value="/usr/java/packages/lib/amd64:/usr/lib/x86_64-linux-gnu/jni:/lib/x86_64-linux-gnu:/usr/lib/x86_64-linux-gnu:/usr/lib/jni:/lib:/usr/lib"/>
    <property name="java.specification.name" value="Java Platform API Specification"/>
    <property name="java.class.version" value="52.0"/>
    <property name="sun.management.compiler" value="HotSpot 64-Bit Tiered Compilers"/>
    <property name="os.version" value="4.4.0-97-generic"/>
    <property name="user.home" value="/home/user"/>
    <property name="user.timezone" value="Asia/Kolkata"/>
    <property name="java.awt.printerjob" value="sun.print.PSPrinterJob"/>
    <property name="file.encoding" value="UTF-8"/>
    <property name="java.specification.version" value="1.8"/>
    <property name="user.name" value="user"/>
    <property name="java.class.path" value="/home/user/Downloads/sts-bundle/sts-3.9.0.RELEASE/plugins/org.eclipse.m2e.maven.runtime_1.8.0.20170516-2042/jars/plexus-classworlds-2.5.2.jar"/>
    <property name="java.vm.specification.version" value="1.8"/>
    <property name="sun.arch.data.model" value="64"/>
    <property name="java.home" value="/usr/lib/jvm/java-8-openjdk-amd64/jre"/>
    <property name="sun.java.command" value="org.codehaus.plexus.classworlds.launcher.Launcher -B clean compile install"/>
    <property name="java.specification.vendor" value="Oracle Corporation"/>
    <property name="user.language" value="en"/>
    <property name="awt.toolkit" value="sun.awt.X11.XToolkit"/>
    <property name="java.vm.info" value="mixed mode"/>
    <property name="java.version" value="1.8.0_131"/>
    <property name="java.ext.dirs" value="/usr/lib/jvm/java-8-openjdk-amd64/jre/lib/ext:/usr/java/packages/lib/ext"/>
    <property name="securerandom.source" value="file:/dev/./urandom"/>
    <property name="sun.boot.class.path" value="/usr/lib/jvm/java-8-openjdk-amd64/jre/lib/resources.jar:/usr/lib/jvm/java-8-openjdk-amd64/jre/lib/rt.jar:/usr/lib/jvm/java-8-openjdk-amd64/jre/lib/sunrsasign.jar:/usr/lib/jvm/java-8-openjdk-amd64/jre/lib/jsse.jar:/usr/lib/jvm/java-8-openjdk-amd64/jre/lib/jce.jar:/usr/lib/jvm/java-8-openjdk-amd64/jre/lib/charsets.jar:/usr/lib/jvm/java-8-openjdk-amd64/jre/lib/jfr.jar:/usr/lib/jvm/java-8-openjdk-amd64/jre/classes"/>
    <property name="java.vendor" value="Oracle Corporation"/>
    <property name="maven.home" value="/home/user/Documents/Workspace-springtools/HackathonWave20Team2/EMBEDDED"/>
    <property name="file.separator" value="/"/>
    <property name="java.vendor.url.bug" value="http://bugreport.sun.com/bugreport/"/>
    <property name="sun.cpu.endian" value="little"/>
    <property name="sun.io.unicode.encoding" value="UnicodeLittle"/>
    <property name="sun.desktop" value="gnome"/>
    <property name="sun.cpu.isalist" value=""/>
  </properties>
  <testcase name="testAddUser" classname="com.wipro.HackathonWave20Team2.controller.UserControllerTest" time="0.449"/>
  <testcase name="testList" classname="com.wipro.HackathonWave20Team2.controller.UserControllerTest" time="0.196"/>
  <testcase name="testUpdateUser" classname="com.wipro.HackathonWave20Team2.controller.UserControllerTest" time="0.042">
    <failure message="expected:&lt;[User Updated successfully]&gt; but was:&lt;[{&quot;timestamp&quot;:1508141276928,&quot;status&quot;:404,&quot;error&quot;:&quot;Not Found&quot;,&quot;message&quot;:&quot;No message available&quot;,&quot;path&quot;:&quot;/users/2&quot;}]&gt;" type="org.junit.ComparisonFailure"><![CDATA[org.junit.ComparisonFailure: expected:<[User Updated successfully]> but was:<[{"timestamp":1508141276928,"status":404,"error":"Not Found","message":"No message available","path":"/users/2"}]>
	at org.junit.Assert.assertEquals(Assert.java:115)
	at org.junit.Assert.assertEquals(Assert.java:144)
	at com.wipro.HackathonWave20Team2.controller.UserControllerTest.testUpdateUser(UserControllerTest.java:86)
]]></failure>
    <system-out><![CDATA[{"timestamp":1508141276928,"status":404,"error":"Not Found","message":"No message available","path":"/users/2"}
]]></system-out>
  </testcase>
  <testcase name="testGetUser" classname="com.wipro.HackathonWave20Team2.controller.UserControllerTest" time="0.021">
    <failure message="expected:&lt;[User Getting Successfully]&gt; but was:&lt;[{&quot;timestamp&quot;:1508141276966,&quot;status&quot;:404,&quot;error&quot;:&quot;Not Found&quot;,&quot;message&quot;:&quot;No message available&quot;,&quot;path&quot;:&quot;/users/1&quot;}]&gt;" type="org.junit.ComparisonFailure"><![CDATA[org.junit.ComparisonFailure: expected:<[User Getting Successfully]> but was:<[{"timestamp":1508141276966,"status":404,"error":"Not Found","message":"No message available","path":"/users/1"}]>
	at org.junit.Assert.assertEquals(Assert.java:115)
	at org.junit.Assert.assertEquals(Assert.java:144)
	at com.wipro.HackathonWave20Team2.controller.UserControllerTest.testGetUser(UserControllerTest.java:75)
]]></failure>
    <system-out><![CDATA[{"timestamp":1508141276966,"status":404,"error":"Not Found","message":"No message available","path":"/users/1"}
]]></system-out>
  </testcase>
  <testcase name="testDeleteUser" classname="com.wipro.HackathonWave20Team2.controller.UserControllerTest" time="0.026">
    <failure message="expected:&lt;[User Deleted successfully]&gt; but was:&lt;[{&quot;timestamp&quot;:1508141276993,&quot;status&quot;:404,&quot;error&quot;:&quot;Not Found&quot;,&quot;message&quot;:&quot;No message available&quot;,&quot;path&quot;:&quot;/users/1&quot;}]&gt;" type="org.junit.ComparisonFailure"><![CDATA[org.junit.ComparisonFailure: expected:<[User Deleted successfully]> but was:<[{"timestamp":1508141276993,"status":404,"error":"Not Found","message":"No message available","path":"/users/1"}]>
	at org.junit.Assert.assertEquals(Assert.java:115)
	at org.junit.Assert.assertEquals(Assert.java:144)
	at com.wipro.HackathonWave20Team2.controller.UserControllerTest.testDeleteUser(UserControllerTest.java:98)
]]></failure>
    <system-out><![CDATA[{"timestamp":1508141276993,"status":404,"error":"Not Found","message":"No message available","path":"/users/1"}
]]></system-out>
  </testcase>
</testsuite>