<?xml version="1.0" encoding="UTF-8"?>
<testsuite name="com.wipro.HackathonWave20Team2.controller.UserControllerTest" time="0.734" tests="5" errors="0" skipped="0" failures="3">
  <properties>
[...]
</properties>
  <testcase name="testAddUser" classname="com.wipro.HackathonWave20Team2.controller.UserControllerTest" time="0.449"/>
  <testcase name="testList" classname="com.wipro.HackathonWave20Team2.controller.UserControllerTest" time="0.196"/>
  <testcase name="testUpdateUser" classname="com.wipro.HackathonWave20Team2.controller.UserControllerTest" time="0.042">
    <failure message="expected:&lt;[User Updated successfully]&gt; but was:&lt;[{&quot;timestamp&quot;:1508141276928,&quot;status&quot;:404,&quot;error&quot;:&quot;Not Found&quot;,&quot;message&quot;:&quot;No message available&quot;,&quot;path&quot;:&quot;/users/2&quot;}]&gt;" type="org.junit.ComparisonFailure"><![CDATA[org.junit.ComparisonFailure: expected:<[User Updated successfully]> but was:<[{"timestamp":1508141276928,"status":404,"error":"Not Found","message":"No message available","path":"/users/2"}]>
	at org.junit.Assert.assertEquals(Assert.java:115)
	at org.junit.Assert.assertEquals(Assert.java:144)
	at com.wipro.HackathonWave20Team2.controller.UserControllerTest.testUpdateUser(UserControllerTest.java:86)
]]></failure>
    <system-out><![CDATA[{"timestamp":1508141276928,"status":404,"error":"Not Found","message":"No message available","path":"/users/2"}
]]></system-out>
  </testcase>
  <testcase name="testGetUser" classname="com.wipro.HackathonWave20Team2.controller.UserControllerTest" time="0.021">
    <failure message="expected:&lt;[User Getting Successfully]&gt; but was:&lt;[{&quot;timestamp&quot;:1508141276966,&quot;status&quot;:404,&quot;error&quot;:&quot;Not Found&quot;,&quot;message&quot;:&quot;No message available&quot;,&quot;path&quot;:&quot;/users/1&quot;}]&gt;" type="org.junit.ComparisonFailure"><![CDATA[org.junit.ComparisonFailure: expected:<[User Getting Successfully]> but was:<[{"timestamp":1508141276966,"status":404,"error":"Not Found","message":"No message available","path":"/users/1"}]>
	at org.junit.Assert.assertEquals(Assert.java:115)
	at org.junit.Assert.assertEquals(Assert.java:144)
	at com.wipro.HackathonWave20Team2.controller.UserControllerTest.testGetUser(UserControllerTest.java:75)
]]></failure>
    <system-out><![CDATA[{"timestamp":1508141276966,"status":404,"error":"Not Found","message":"No message available","path":"/users/1"}
]]></system-out>
  </testcase>
  <testcase name="testDeleteUser" classname="com.wipro.HackathonWave20Team2.controller.UserControllerTest" time="0.026">
    <failure message="expected:&lt;[User Deleted successfully]&gt; but was:&lt;[{&quot;timestamp&quot;:1508141276993,&quot;status&quot;:404,&quot;error&quot;:&quot;Not Found&quot;,&quot;message&quot;:&quot;No message available&quot;,&quot;path&quot;:&quot;/users/1&quot;}]&gt;" type="org.junit.ComparisonFailure"><![CDATA[org.junit.ComparisonFailure: expected:<[User Deleted successfully]> but was:<[{"timestamp":1508141276993,"status":404,"error":"Not Found","message":"No message available","path":"/users/1"}]>
	at org.junit.Assert.assertEquals(Assert.java:115)
	at org.junit.Assert.assertEquals(Assert.java:144)
	at com.wipro.HackathonWave20Team2.controller.UserControllerTest.testDeleteUser(UserControllerTest.java:98)
]]></failure>
    <system-out><![CDATA[{"timestamp":1508141276993,"status":404,"error":"Not Found","message":"No message available","path":"/users/1"}
]]></system-out>
  </testcase>
</testsuite>